0 info it worked if it ends with ok
1 verbose cli [ '/usr/bin/node', '/usr/bin/npm', 'run', 'lint' ]
2 info using npm@3.10.10
3 info using node@v6.12.0
4 verbose run-script [ 'prelint', 'lint', 'postlint' ]
5 info lifecycle ionic-swiper@0.3.2~prelint: ionic-swiper@0.3.2
6 silly lifecycle ionic-swiper@0.3.2~prelint: no script for prelint, continuing
7 info lifecycle ionic-swiper@0.3.2~lint: ionic-swiper@0.3.2
8 verbose lifecycle ionic-swiper@0.3.2~lint: unsafe-perm in lifecycle true
9 verbose lifecycle ionic-swiper@0.3.2~lint: PATH: /usr/lib/node_modules/npm/bin/node-gyp-bin:/media/gabriel/Dados/ionicSwiper/node_modules/.bin:/home/gabriel/bin:/home/gabriel/.local/bin:/home/gabriel/bin:/home/gabriel/.local/bin:/usr/local/sbin:/usr/local/bin:/usr/sbin:/usr/bin:/sbin:/bin:/usr/games:/usr/local/games
10 verbose lifecycle ionic-swiper@0.3.2~lint: CWD: /media/gabriel/Dados/ionicSwiper
11 silly lifecycle ionic-swiper@0.3.2~lint: Args: [ '-c', 'eslint ./src/' ]
12 silly lifecycle ionic-swiper@0.3.2~lint: Returned: code: 1  signal: null
13 info lifecycle ionic-swiper@0.3.2~lint: Failed to exec lint script
14 verbose stack Error: ionic-swiper@0.3.2 lint: `eslint ./src/`
14 verbose stack Exit status 1
14 verbose stack     at EventEmitter.<anonymous> (/usr/lib/node_modules/npm/lib/utils/lifecycle.js:255:16)
14 verbose stack     at emitTwo (events.js:106:13)
14 verbose stack     at EventEmitter.emit (events.js:191:7)
14 verbose stack     at ChildProcess.<anonymous> (/usr/lib/node_modules/npm/lib/utils/spawn.js:40:14)
14 verbose stack     at emitTwo (events.js:106:13)
14 verbose stack     at ChildProcess.emit (events.js:191:7)
14 verbose stack     at maybeClose (internal/child_process.js:920:16)
14 verbose stack     at Process.ChildProcess._handle.onexit (internal/child_process.js:230:5)
15 verbose pkgid ionic-swiper@0.3.2
16 verbose cwd /media/gabriel/Dados/ionicSwiper
17 error Linux 4.10.0-40-generic
18 error argv "/usr/bin/node" "/usr/bin/npm" "run" "lint"
19 error node v6.12.0
20 error npm  v3.10.10
21 error code ELIFECYCLE
22 error ionic-swiper@0.3.2 lint: `eslint ./src/`
22 error Exit status 1
23 error Failed at the ionic-swiper@0.3.2 lint script 'eslint ./src/'.
23 error Make sure you have the latest version of node.js and npm installed.
23 error If you do, this is most likely a problem with the ionic-swiper package,
23 error not with npm itself.
23 error Tell the author that this fails on your system:
23 error     eslint ./src/
23 error You can get information on how to open an issue for this project with:
23 error     npm bugs ionic-swiper
23 error Or if that isn't available, you can get their info via:
23 error     npm owner ls ionic-swiper
23 error There is likely additional logging output above.
24 verbose exit [ 1, true ]
